2025-05-04 17:24:16,997  trial=000  score=0.9252  params={'n_estimators': 300, 'max_depth': 45, 'criterion': 'gini', 'bootstrap': True}
2025-05-04 17:24:18,568  trial=001  score=0.9338  params={'n_estimators': 400, 'max_depth': 35, 'criterion': 'gini', 'bootstrap': False}
2025-05-04 17:24:19,921  trial=002  score=0.9295  params={'n_estimators': 600, 'max_depth': 30, 'criterion': 'gini', 'bootstrap': True}
2025-05-04 17:24:20,768  trial=003  score=0.9359  params={'n_estimators': 400, 'max_depth': 20, 'criterion': 'gini', 'bootstrap': False}
2025-05-04 17:24:22,656  trial=004  score=0.9381  params={'n_estimators': 900, 'max_depth': 40, 'criterion': 'gini', 'bootstrap': False}
2025-05-04 17:24:24,598  trial=005  score=0.9359  params={'n_estimators': 900, 'max_depth': 30, 'criterion': 'entropy', 'bootstrap': False}
2025-05-04 17:24:26,228  trial=006  score=0.9295  params={'n_estimators': 700, 'max_depth': 40, 'criterion': 'gini', 'bootstrap': True}
2025-05-04 17:24:27,992  trial=007  score=0.9187  params={'n_estimators': 1000, 'max_depth': 10, 'criterion': 'gini', 'bootstrap': False}
2025-05-04 17:24:29,069  trial=008  score=0.9317  params={'n_estimators': 500, 'max_depth': 35, 'criterion': 'entropy', 'bootstrap': False}
2025-05-04 17:24:31,002  trial=009  score=0.9359  params={'n_estimators': 900, 'max_depth': 35, 'criterion': 'entropy', 'bootstrap': False}
2025-05-04 17:24:31,253  trial=010  score=0.9230  params={'n_estimators': 100, 'max_depth': 40, 'criterion': 'entropy', 'bootstrap': True}
2025-05-04 17:24:33,009  trial=011  score=0.9338  params={'n_estimators': 800, 'max_depth': None, 'criterion': 'entropy', 'bootstrap': False}
2025-05-04 17:24:35,290  trial=012  score=0.9359  params={'n_estimators': 1000, 'max_depth': 50, 'criterion': 'entropy', 'bootstrap': False}
2025-05-04 17:24:37,056  trial=013  score=0.9338  params={'n_estimators': 800, 'max_depth': 30, 'criterion': 'entropy', 'bootstrap': False}
2025-05-04 17:24:38,772  trial=014  score=0.9359  params={'n_estimators': 800, 'max_depth': 25, 'criterion': 'gini', 'bootstrap': False}
2025-05-04 17:24:40,149  trial=015  score=0.6836  params={'n_estimators': 1000, 'max_depth': 5, 'criterion': 'entropy', 'bootstrap': False}
2025-05-04 17:24:41,714  trial=016  score=0.9316  params={'n_estimators': 700, 'max_depth': 40, 'criterion': 'entropy', 'bootstrap': False}
2025-05-04 17:24:43,583  trial=017  score=0.9381  params={'n_estimators': 900, 'max_depth': 15, 'criterion': 'gini', 'bootstrap': False}
2025-05-04 17:24:45,151  trial=018  score=0.9295  params={'n_estimators': 700, 'max_depth': 15, 'criterion': 'gini', 'bootstrap': True}
2025-05-04 17:24:47,024  trial=019  score=0.9381  params={'n_estimators': 900, 'max_depth': 15, 'criterion': 'gini', 'bootstrap': False}
2025-05-04 17:24:48,264  trial=020  score=0.9381  params={'n_estimators': 600, 'max_depth': 15, 'criterion': 'gini', 'bootstrap': False}
2025-05-04 17:24:50,156  trial=021  score=0.9381  params={'n_estimators': 900, 'max_depth': 15, 'criterion': 'gini', 'bootstrap': False}
2025-05-04 17:24:52,083  trial=022  score=0.9381  params={'n_estimators': 900, 'max_depth': 15, 'criterion': 'gini', 'bootstrap': False}
2025-05-04 17:24:53,776  trial=023  score=0.9359  params={'n_estimators': 800, 'max_depth': 15, 'criterion': 'gini', 'bootstrap': False}
2025-05-04 17:24:55,411  trial=024  score=0.6665  params={'n_estimators': 1000, 'max_depth': 5, 'criterion': 'gini', 'bootstrap': False}
2025-05-04 17:24:57,644  trial=025  score=0.9381  params={'n_estimators': 900, 'max_depth': 45, 'criterion': 'gini', 'bootstrap': False}
2025-05-04 17:24:59,148  trial=026  score=0.9081  params={'n_estimators': 700, 'max_depth': 10, 'criterion': 'gini', 'bootstrap': True}
2025-05-04 17:24:59,401  trial=027  score=0.9295  params={'n_estimators': 100, 'max_depth': None, 'criterion': 'gini', 'bootstrap': False}
2025-05-04 17:25:01,255  trial=028  score=0.9359  params={'n_estimators': 800, 'max_depth': 25, 'criterion': 'gini', 'bootstrap': False}
2025-05-04 17:25:01,752  trial=029  score=0.9295  params={'n_estimators': 200, 'max_depth': 50, 'criterion': 'gini', 'bootstrap': True}
2025-05-04 17:25:03,056  trial=030  score=0.9360  params={'n_estimators': 600, 'max_depth': 20, 'criterion': 'gini', 'bootstrap': False}
2025-05-04 17:25:03,911  trial=031  score=0.9423  params={'n_estimators': 400, 'max_depth': 15, 'criterion': 'gini', 'bootstrap': False}
2025-05-04 17:25:04,566  trial=032  score=0.9338  params={'n_estimators': 300, 'max_depth': 15, 'criterion': 'gini', 'bootstrap': False}
2025-05-04 17:25:05,497  trial=033  score=0.9423  params={'n_estimators': 400, 'max_depth': 15, 'criterion': 'gini', 'bootstrap': False}
2025-05-04 17:25:06,371  trial=034  score=0.9338  params={'n_estimators': 400, 'max_depth': 45, 'criterion': 'gini', 'bootstrap': False}
2025-05-04 17:25:07,458  trial=035  score=0.9381  params={'n_estimators': 500, 'max_depth': 40, 'criterion': 'gini', 'bootstrap': False}
2025-05-04 17:25:08,185  trial=036  score=0.9231  params={'n_estimators': 300, 'max_depth': 15, 'criterion': 'gini', 'bootstrap': True}
2025-05-04 17:25:09,019  trial=037  score=0.9423  params={'n_estimators': 400, 'max_depth': 15, 'criterion': 'gini', 'bootstrap': False}
2025-05-04 17:25:09,884  trial=038  score=0.9359  params={'n_estimators': 400, 'max_depth': 20, 'criterion': 'gini', 'bootstrap': False}
2025-05-04 17:25:10,949  trial=039  score=0.9381  params={'n_estimators': 500, 'max_depth': 40, 'criterion': 'gini', 'bootstrap': False}
2025-05-04 17:25:11,392  trial=040  score=0.9038  params={'n_estimators': 200, 'max_depth': 10, 'criterion': 'gini', 'bootstrap': True}
2025-05-04 17:25:12,222  trial=041  score=0.9423  params={'n_estimators': 400, 'max_depth': 15, 'criterion': 'gini', 'bootstrap': False}
2025-05-04 17:25:13,105  trial=042  score=0.9423  params={'n_estimators': 400, 'max_depth': 15, 'criterion': 'gini', 'bootstrap': False}
2025-05-04 17:25:13,978  trial=043  score=0.9423  params={'n_estimators': 400, 'max_depth': 15, 'criterion': 'gini', 'bootstrap': False}
2025-05-04 17:25:14,600  trial=044  score=0.9338  params={'n_estimators': 300, 'max_depth': 15, 'criterion': 'gini', 'bootstrap': False}
2025-05-04 17:25:15,713  trial=045  score=0.9381  params={'n_estimators': 500, 'max_depth': 15, 'criterion': 'gini', 'bootstrap': False}
2025-05-04 17:25:16,628  trial=046  score=0.9338  params={'n_estimators': 400, 'max_depth': 35, 'criterion': 'gini', 'bootstrap': False}
2025-05-04 17:25:17,081  trial=047  score=0.9381  params={'n_estimators': 200, 'max_depth': 30, 'criterion': 'gini', 'bootstrap': False}
2025-05-04 17:25:17,737  trial=048  score=0.9338  params={'n_estimators': 300, 'max_depth': 15, 'criterion': 'gini', 'bootstrap': False}
2025-05-04 17:25:18,663  trial=049  score=0.9359  params={'n_estimators': 400, 'max_depth': 15, 'criterion': 'entropy', 'bootstrap': False}
2025-05-04 17:25:19,366  trial=050  score=0.9338  params={'n_estimators': 300, 'max_depth': None, 'criterion': 'gini', 'bootstrap': False}
2025-05-04 17:25:20,250  trial=051  score=0.9423  params={'n_estimators': 400, 'max_depth': 15, 'criterion': 'gini', 'bootstrap': False}
2025-05-04 17:25:21,312  trial=052  score=0.9381  params={'n_estimators': 500, 'max_depth': 15, 'criterion': 'gini', 'bootstrap': False}
2025-05-04 17:25:22,277  trial=053  score=0.9423  params={'n_estimators': 400, 'max_depth': 15, 'criterion': 'gini', 'bootstrap': False}
2025-05-04 17:25:23,448  trial=054  score=0.9338  params={'n_estimators': 400, 'max_depth': 50, 'criterion': 'gini', 'bootstrap': False}
2025-05-04 17:25:24,491  trial=055  score=0.9381  params={'n_estimators': 500, 'max_depth': 15, 'criterion': 'gini', 'bootstrap': False}
2025-05-04 17:25:24,945  trial=056  score=0.6815  params={'n_estimators': 300, 'max_depth': 5, 'criterion': 'entropy', 'bootstrap': False}
2025-05-04 17:25:26,336  trial=057  score=0.9273  params={'n_estimators': 600, 'max_depth': 15, 'criterion': 'gini', 'bootstrap': True}
2025-05-04 17:25:27,474  trial=058  score=0.9381  params={'n_estimators': 500, 'max_depth': 25, 'criterion': 'gini', 'bootstrap': False}
2025-05-04 17:25:28,180  trial=059  score=0.9338  params={'n_estimators': 300, 'max_depth': 35, 'criterion': 'gini', 'bootstrap': False}
2025-05-04 17:25:28,654  trial=060  score=0.9380  params={'n_estimators': 200, 'max_depth': 30, 'criterion': 'entropy', 'bootstrap': False}
2025-05-04 17:25:29,551  trial=061  score=0.9423  params={'n_estimators': 400, 'max_depth': 15, 'criterion': 'gini', 'bootstrap': False}
2025-05-04 17:25:30,467  trial=062  score=0.9423  params={'n_estimators': 400, 'max_depth': 15, 'criterion': 'gini', 'bootstrap': False}
2025-05-04 17:25:31,320  trial=063  score=0.9423  params={'n_estimators': 400, 'max_depth': 15, 'criterion': 'gini', 'bootstrap': False}
2025-05-04 17:25:32,370  trial=064  score=0.9381  params={'n_estimators': 500, 'max_depth': 15, 'criterion': 'gini', 'bootstrap': False}
2025-05-04 17:25:33,244  trial=065  score=0.9423  params={'n_estimators': 400, 'max_depth': 15, 'criterion': 'gini', 'bootstrap': False}
2025-05-04 17:25:34,570  trial=066  score=0.9338  params={'n_estimators': 600, 'max_depth': 45, 'criterion': 'gini', 'bootstrap': False}
2025-05-04 17:25:35,644  trial=067  score=0.9381  params={'n_estimators': 500, 'max_depth': 15, 'criterion': 'gini', 'bootstrap': False}
2025-05-04 17:25:36,342  trial=068  score=0.9273  params={'n_estimators': 300, 'max_depth': 20, 'criterion': 'gini', 'bootstrap': True}
2025-05-04 17:25:37,132  trial=069  score=0.9166  params={'n_estimators': 400, 'max_depth': 10, 'criterion': 'gini', 'bootstrap': False}
2025-05-04 17:25:38,278  trial=070  score=0.9316  params={'n_estimators': 500, 'max_depth': 15, 'criterion': 'entropy', 'bootstrap': False}
2025-05-04 17:25:39,140  trial=071  score=0.9423  params={'n_estimators': 400, 'max_depth': 15, 'criterion': 'gini', 'bootstrap': False}
2025-05-04 17:25:40,006  trial=072  score=0.9423  params={'n_estimators': 400, 'max_depth': 15, 'criterion': 'gini', 'bootstrap': False}
2025-05-04 17:25:40,660  trial=073  score=0.9338  params={'n_estimators': 300, 'max_depth': 15, 'criterion': 'gini', 'bootstrap': False}
2025-05-04 17:25:41,544  trial=074  score=0.9423  params={'n_estimators': 400, 'max_depth': 15, 'criterion': 'gini', 'bootstrap': False}
2025-05-04 17:25:42,147  trial=075  score=0.6750  params={'n_estimators': 400, 'max_depth': 5, 'criterion': 'gini', 'bootstrap': False}
2025-05-04 17:25:43,011  trial=076  score=0.9338  params={'n_estimators': 400, 'max_depth': None, 'criterion': 'gini', 'bootstrap': False}
2025-05-04 17:25:44,066  trial=077  score=0.9381  params={'n_estimators': 500, 'max_depth': 50, 'criterion': 'gini', 'bootstrap': False}
2025-05-04 17:25:44,760  trial=078  score=0.9338  params={'n_estimators': 300, 'max_depth': 25, 'criterion': 'gini', 'bootstrap': False}
2025-05-04 17:25:45,895  trial=079  score=0.9252  params={'n_estimators': 500, 'max_depth': 15, 'criterion': 'gini', 'bootstrap': True}
2025-05-04 17:25:46,792  trial=080  score=0.9423  params={'n_estimators': 400, 'max_depth': 15, 'criterion': 'gini', 'bootstrap': False}
2025-05-04 17:25:47,739  trial=081  score=0.9423  params={'n_estimators': 400, 'max_depth': 15, 'criterion': 'gini', 'bootstrap': False}
2025-05-04 17:25:48,635  trial=082  score=0.9423  params={'n_estimators': 400, 'max_depth': 15, 'criterion': 'gini', 'bootstrap': False}
2025-05-04 17:25:49,291  trial=083  score=0.9338  params={'n_estimators': 300, 'max_depth': 15, 'criterion': 'gini', 'bootstrap': False}
2025-05-04 17:25:50,154  trial=084  score=0.9423  params={'n_estimators': 400, 'max_depth': 15, 'criterion': 'gini', 'bootstrap': False}
2025-05-04 17:25:50,851  trial=085  score=0.9338  params={'n_estimators': 300, 'max_depth': 40, 'criterion': 'gini', 'bootstrap': False}
2025-05-04 17:25:51,893  trial=086  score=0.9381  params={'n_estimators': 500, 'max_depth': 15, 'criterion': 'gini', 'bootstrap': False}
2025-05-04 17:25:52,782  trial=087  score=0.9338  params={'n_estimators': 400, 'max_depth': 30, 'criterion': 'gini', 'bootstrap': False}
2025-05-04 17:25:53,732  trial=088  score=0.9359  params={'n_estimators': 400, 'max_depth': 15, 'criterion': 'entropy', 'bootstrap': False}
2025-05-04 17:25:54,408  trial=089  score=0.9338  params={'n_estimators': 300, 'max_depth': 35, 'criterion': 'gini', 'bootstrap': False}
2025-05-04 17:25:54,873  trial=090  score=0.9316  params={'n_estimators': 200, 'max_depth': 15, 'criterion': 'gini', 'bootstrap': False}
2025-05-04 17:25:55,778  trial=091  score=0.9423  params={'n_estimators': 400, 'max_depth': 15, 'criterion': 'gini', 'bootstrap': False}
2025-05-04 17:25:56,662  trial=092  score=0.9338  params={'n_estimators': 400, 'max_depth': 45, 'criterion': 'gini', 'bootstrap': False}
2025-05-04 17:25:57,778  trial=093  score=0.9381  params={'n_estimators': 500, 'max_depth': 15, 'criterion': 'gini', 'bootstrap': False}
2025-05-04 17:25:58,683  trial=094  score=0.9423  params={'n_estimators': 400, 'max_depth': 15, 'criterion': 'gini', 'bootstrap': False}
2025-05-04 17:25:59,359  trial=095  score=0.9338  params={'n_estimators': 300, 'max_depth': 15, 'criterion': 'gini', 'bootstrap': False}
2025-05-04 17:26:00,441  trial=096  score=0.9381  params={'n_estimators': 500, 'max_depth': 20, 'criterion': 'gini', 'bootstrap': False}
2025-05-04 17:26:01,288  trial=097  score=0.9038  params={'n_estimators': 400, 'max_depth': 10, 'criterion': 'gini', 'bootstrap': True}
2025-05-04 17:26:02,162  trial=098  score=0.9423  params={'n_estimators': 400, 'max_depth': 15, 'criterion': 'gini', 'bootstrap': False}
2025-05-04 17:26:03,423  trial=099  score=0.9381  params={'n_estimators': 600, 'max_depth': 15, 'criterion': 'gini', 'bootstrap': False}
2025-05-04 17:26:03,424  Best params: {'n_estimators': 400, 'max_depth': 15, 'criterion': 'gini', 'bootstrap': False}
2025-05-04 17:26:03,424  Best score : 0.9423
