2025-05-04 22:12:52,658  trial=000  acc=0.4471  {'layer_sizes': (128, 64), 'lr_init': 0.00015141345336524986, 'alpha': 0.000542592990413688, 'batch': 32}
2025-05-04 22:12:53,604  trial=001  acc=0.4022  {'layer_sizes': (128, 128), 'lr_init': 0.004018863997630096, 'alpha': 0.005018728434983496, 'batch': 64}
2025-05-04 22:12:54,127  trial=002  acc=0.3013  {'layer_sizes': (128, 128), 'lr_init': 0.00011456648358988343, 'alpha': 1.298364630387636e-05, 'batch': 64}
2025-05-04 22:12:54,304  trial=003  acc=0.4017  {'layer_sizes': (128,), 'lr_init': 0.011819832508523066, 'alpha': 5.675657626587918e-06, 'batch': 32}
2025-05-04 22:12:54,586  trial=004  acc=0.2949  {'layer_sizes': (128, 64), 'lr_init': 0.0004821989389411524, 'alpha': 0.0005008253373406834, 'batch': 128}
2025-05-04 22:12:54,776  trial=005  acc=0.4020  {'layer_sizes': (64,), 'lr_init': 0.00887058117501808, 'alpha': 3.2132456061799955e-05, 'batch': 32}
2025-05-04 22:12:55,060  trial=006  acc=0.2716  {'layer_sizes': (128, 128), 'lr_init': 0.00016788676745954764, 'alpha': 0.0007523656312475535, 'batch': 128}
2025-05-04 22:12:55,340  trial=007  acc=0.4121  {'layer_sizes': (128, 64), 'lr_init': 0.0027359913199685804, 'alpha': 0.00036575894996664933, 'batch': 128}
2025-05-04 22:12:55,523  trial=008  acc=0.3572  {'layer_sizes': (64, 64), 'lr_init': 0.0020299143696506958, 'alpha': 9.038299590075447e-05, 'batch': 128}
2025-05-04 22:12:55,656  trial=009  acc=0.2244  {'layer_sizes': (64, 64), 'lr_init': 0.016526806177249637, 'alpha': 0.00098869200717504, 'batch': 32}
2025-05-04 22:12:56,057  trial=010  acc=0.4167  {'layer_sizes': (128, 64), 'lr_init': 0.000664492201305881, 'alpha': 1.0661131867489766e-06, 'batch': 32}
2025-05-04 22:12:56,441  trial=011  acc=0.4255  {'layer_sizes': (128, 64), 'lr_init': 0.00046505087832130897, 'alpha': 1.5000074337583581e-06, 'batch': 32}
2025-05-04 22:12:56,854  trial=012  acc=0.3932  {'layer_sizes': (128, 64), 'lr_init': 0.0004900022785991902, 'alpha': 1.1801313476993774e-06, 'batch': 32}
2025-05-04 22:12:57,307  trial=013  acc=0.4190  {'layer_sizes': (128, 64), 'lr_init': 0.00025380479739002407, 'alpha': 0.00500233474135607, 'batch': 32}
2025-05-04 22:12:57,540  trial=014  acc=0.4362  {'layer_sizes': (64,), 'lr_init': 0.001023430975307356, 'alpha': 0.00012701090115553005, 'batch': 32}
2025-05-04 22:12:57,826  trial=015  acc=0.4210  {'layer_sizes': (64,), 'lr_init': 0.0009892676897234787, 'alpha': 0.00013846426098796874, 'batch': 32}
2025-05-04 22:12:57,905  trial=016  acc=0.2053  {'layer_sizes': (64,), 'lr_init': 0.028706267949345842, 'alpha': 0.00011114074371194149, 'batch': 64}
2025-05-04 22:12:58,088  trial=017  acc=0.4125  {'layer_sizes': (128,), 'lr_init': 0.001170707135595166, 'alpha': 0.0015489918147457617, 'batch': 32}
2025-05-04 22:12:58,289  trial=018  acc=0.2031  {'layer_sizes': (64,), 'lr_init': 0.00022844151264210356, 'alpha': 3.502849750349031e-05, 'batch': 32}
2025-05-04 22:12:58,418  trial=019  acc=0.3932  {'layer_sizes': (64,), 'lr_init': 0.005043256984317011, 'alpha': 0.0002487049899025279, 'batch': 64}
2025-05-04 22:12:58,599  trial=020  acc=0.3528  {'layer_sizes': (128,), 'lr_init': 0.00011904204960696456, 'alpha': 0.002474128389752255, 'batch': 32}
2025-05-04 22:12:59,083  trial=021  acc=0.3848  {'layer_sizes': (128, 64), 'lr_init': 0.000264443645646871, 'alpha': 7.857816894653643e-06, 'batch': 32}
2025-05-04 22:12:59,487  trial=022  acc=0.4080  {'layer_sizes': (128, 64), 'lr_init': 0.0005020606616300242, 'alpha': 2.8803999560670903e-06, 'batch': 32}
2025-05-04 22:13:00,035  trial=023  acc=0.4233  {'layer_sizes': (128, 64), 'lr_init': 0.0003219824135548426, 'alpha': 3.4001908427988244e-05, 'batch': 32}
2025-05-04 22:13:00,411  trial=024  acc=0.4938  {'layer_sizes': (64, 64), 'lr_init': 0.0009726964829763901, 'alpha': 0.00020868170738977103, 'batch': 32}
2025-05-04 22:13:00,782  trial=025  acc=0.5045  {'layer_sizes': (64, 64), 'lr_init': 0.0009599724512398106, 'alpha': 0.00022006261953749225, 'batch': 32}
2025-05-04 22:13:01,077  trial=026  acc=0.4421  {'layer_sizes': (64, 64), 'lr_init': 0.0016346739249175491, 'alpha': 0.00025637045958098553, 'batch': 32}
2025-05-04 22:13:01,489  trial=027  acc=0.4745  {'layer_sizes': (64, 64), 'lr_init': 0.0007401741114813489, 'alpha': 5.7109713055593146e-05, 'batch': 32}
2025-05-04 22:13:01,693  trial=028  acc=0.3549  {'layer_sizes': (64, 64), 'lr_init': 0.001446926932948052, 'alpha': 5.936143837359214e-05, 'batch': 64}
2025-05-04 22:13:01,772  trial=029  acc=0.2223  {'layer_sizes': (64, 64), 'lr_init': 0.0007969655126293601, 'alpha': 2.3083006043705073e-05, 'batch': 128}
2025-05-04 22:13:02,162  trial=030  acc=0.4871  {'layer_sizes': (64, 64), 'lr_init': 0.0024055007802488474, 'alpha': 6.048338370296715e-05, 'batch': 32}
2025-05-04 22:13:02,575  trial=031  acc=0.4809  {'layer_sizes': (64, 64), 'lr_init': 0.002632963384144872, 'alpha': 5.9459138324702835e-05, 'batch': 32}
2025-05-04 22:13:02,872  trial=032  acc=0.4723  {'layer_sizes': (64, 64), 'lr_init': 0.003377418189175116, 'alpha': 0.00024605137881622313, 'batch': 32}
2025-05-04 22:13:03,231  trial=033  acc=0.4593  {'layer_sizes': (64, 64), 'lr_init': 0.0022592644211531267, 'alpha': 1.1960651940034688e-05, 'batch': 32}
2025-05-04 22:13:03,541  trial=034  acc=0.5278  {'layer_sizes': (64, 64), 'lr_init': 0.005481425004155032, 'alpha': 5.770799733337068e-05, 'batch': 32}
2025-05-04 22:13:03,745  trial=035  acc=0.4398  {'layer_sizes': (64, 64), 'lr_init': 0.005532973924965805, 'alpha': 1.9048405843738595e-05, 'batch': 64}
2025-05-04 22:13:04,076  trial=036  acc=0.3974  {'layer_sizes': (64, 64), 'lr_init': 0.00795616679169026, 'alpha': 0.00017832679853256586, 'batch': 32}
2025-05-04 22:13:04,524  trial=037  acc=0.4102  {'layer_sizes': (128, 128), 'lr_init': 0.003722049091513661, 'alpha': 0.0003768604369639878, 'batch': 32}
2025-05-04 22:13:04,685  trial=038  acc=0.3508  {'layer_sizes': (64, 64), 'lr_init': 0.005251109047053137, 'alpha': 0.0005653122291015066, 'batch': 128}
2025-05-04 22:13:05,077  trial=039  acc=0.4639  {'layer_sizes': (64, 64), 'lr_init': 0.0014246974955911314, 'alpha': 7.911640005309286e-05, 'batch': 32}
2025-05-04 22:13:05,494  trial=040  acc=0.4572  {'layer_sizes': (128, 128), 'lr_init': 0.007967773512812706, 'alpha': 0.0012634369757898096, 'batch': 64}
2025-05-04 22:13:05,812  trial=041  acc=0.4722  {'layer_sizes': (64, 64), 'lr_init': 0.0026423228620566105, 'alpha': 5.353358217136005e-05, 'batch': 32}
2025-05-04 22:13:06,230  trial=042  acc=0.5359  {'layer_sizes': (64, 64), 'lr_init': 0.0018440228366147073, 'alpha': 7.662421065746062e-05, 'batch': 32}
2025-05-04 22:13:06,498  trial=043  acc=0.4978  {'layer_sizes': (64, 64), 'lr_init': 0.002049658055138163, 'alpha': 9.023329378216384e-05, 'batch': 32}
2025-05-04 22:13:06,842  trial=044  acc=0.4895  {'layer_sizes': (64, 64), 'lr_init': 0.0019564619336468465, 'alpha': 0.00020847250139291237, 'batch': 32}
2025-05-04 22:13:06,919  trial=045  acc=0.2265  {'layer_sizes': (64, 64), 'lr_init': 0.0012491258605196486, 'alpha': 9.308062590251964e-05, 'batch': 128}
2025-05-04 22:13:07,123  trial=046  acc=0.3825  {'layer_sizes': (128,), 'lr_init': 0.013761594833482322, 'alpha': 0.0004159077440709141, 'batch': 32}
2025-05-04 22:13:07,515  trial=047  acc=0.4268  {'layer_sizes': (64, 64), 'lr_init': 0.0006092920784769437, 'alpha': 0.0006291641874980093, 'batch': 32}
2025-05-04 22:13:07,837  trial=048  acc=0.4614  {'layer_sizes': (64, 64), 'lr_init': 0.0009594983041108259, 'alpha': 0.0001308754792529416, 'batch': 32}
2025-05-04 22:13:08,086  trial=049  acc=0.2394  {'layer_sizes': (64, 64), 'lr_init': 0.0003978507608220621, 'alpha': 4.107147272519819e-05, 'batch': 32}
2025-05-04 22:13:08,407  trial=050  acc=0.3804  {'layer_sizes': (128, 128), 'lr_init': 0.0017108867022326121, 'alpha': 2.1153734236544135e-05, 'batch': 128}
2025-05-04 22:13:08,751  trial=051  acc=0.4919  {'layer_sizes': (64, 64), 'lr_init': 0.0019589836740163055, 'alpha': 0.0001875423602474163, 'batch': 32}
2025-05-04 22:13:09,060  trial=052  acc=0.4334  {'layer_sizes': (64, 64), 'lr_init': 0.0030823283568015233, 'alpha': 0.0003141417530391668, 'batch': 32}
2025-05-04 22:13:09,485  trial=053  acc=0.5255  {'layer_sizes': (64, 64), 'lr_init': 0.0008736609893298254, 'alpha': 0.00015467735850369652, 'batch': 32}
2025-05-04 22:13:09,793  trial=054  acc=0.4403  {'layer_sizes': (64, 64), 'lr_init': 0.0009049237547331415, 'alpha': 8.635501362498947e-05, 'batch': 32}
2025-05-04 22:13:09,996  trial=055  acc=0.3892  {'layer_sizes': (128,), 'lr_init': 0.0011479961604211034, 'alpha': 0.00013875173252481343, 'batch': 32}
2025-05-04 22:13:10,507  trial=056  acc=0.4868  {'layer_sizes': (64, 64), 'lr_init': 0.0006736355112370684, 'alpha': 0.0008100566203557595, 'batch': 32}
2025-05-04 22:13:10,888  trial=057  acc=0.5066  {'layer_sizes': (64, 64), 'lr_init': 0.004466518403836753, 'alpha': 0.009225659060357001, 'batch': 32}
2025-05-04 22:13:11,238  trial=058  acc=0.5066  {'layer_sizes': (64, 64), 'lr_init': 0.006352109166467042, 'alpha': 0.0035860118946096178, 'batch': 32}
2025-05-04 22:13:11,360  trial=059  acc=0.3655  {'layer_sizes': (64,), 'lr_init': 0.010179561848082781, 'alpha': 0.006535192822727195, 'batch': 64}
2025-05-04 22:13:11,714  trial=060  acc=0.4897  {'layer_sizes': (64, 64), 'lr_init': 0.007085174135025636, 'alpha': 0.003419982303112132, 'batch': 32}
2025-05-04 22:13:12,003  trial=061  acc=0.4959  {'layer_sizes': (64, 64), 'lr_init': 0.004258928488849219, 'alpha': 0.009997236052720834, 'batch': 32}
2025-05-04 22:13:12,344  trial=062  acc=0.4875  {'layer_sizes': (64, 64), 'lr_init': 0.006644628285614295, 'alpha': 0.0034009942557978686, 'batch': 32}
2025-05-04 22:13:12,487  trial=063  acc=0.2158  {'layer_sizes': (64, 64), 'lr_init': 0.01959095125325374, 'alpha': 0.0016412972775463077, 'batch': 32}
2025-05-04 22:13:12,742  trial=064  acc=0.4572  {'layer_sizes': (64, 64), 'lr_init': 0.004535108566817991, 'alpha': 0.009702760145933055, 'batch': 32}
2025-05-04 22:13:12,920  trial=065  acc=0.2546  {'layer_sizes': (64, 64), 'lr_init': 0.010327382556403655, 'alpha': 4.450147496450437e-05, 'batch': 32}
2025-05-04 22:13:13,109  trial=066  acc=0.4360  {'layer_sizes': (128,), 'lr_init': 0.0030783505135761496, 'alpha': 0.006139213225899617, 'batch': 32}
2025-05-04 22:13:13,430  trial=067  acc=0.4852  {'layer_sizes': (64, 64), 'lr_init': 0.005570517970584626, 'alpha': 2.5653134119839424e-05, 'batch': 32}
2025-05-04 22:13:13,857  trial=068  acc=0.5045  {'layer_sizes': (64, 64), 'lr_init': 0.00144072834654513, 'alpha': 0.0023259091241960204, 'batch': 32}
2025-05-04 22:13:14,289  trial=069  acc=0.4678  {'layer_sizes': (128, 128), 'lr_init': 0.0012948887154011286, 'alpha': 0.0034053724116523037, 'batch': 128}
2025-05-04 22:13:14,483  trial=070  acc=0.4120  {'layer_sizes': (64,), 'lr_init': 0.006597320398878715, 'alpha': 0.002398703412781123, 'batch': 32}
2025-05-04 22:13:14,834  trial=071  acc=0.5147  {'layer_sizes': (64, 64), 'lr_init': 0.0016432539247178237, 'alpha': 0.004391107311374875, 'batch': 32}
2025-05-04 22:13:15,273  trial=072  acc=0.4556  {'layer_sizes': (64, 64), 'lr_init': 0.000816402967940703, 'alpha': 0.004789619783073054, 'batch': 32}
2025-05-04 22:13:15,531  trial=073  acc=0.2636  {'layer_sizes': (64, 64), 'lr_init': 0.0005518728632402495, 'alpha': 0.006982099340856918, 'batch': 32}
2025-05-04 22:13:15,835  trial=074  acc=0.4335  {'layer_sizes': (64, 64), 'lr_init': 0.0014112359045344084, 'alpha': 0.005106975644383521, 'batch': 32}
2025-05-04 22:13:16,126  trial=075  acc=0.3932  {'layer_sizes': (128, 64), 'lr_init': 0.003728973416475376, 'alpha': 0.0026622565521144392, 'batch': 32}
2025-05-04 22:13:16,416  trial=076  acc=0.4744  {'layer_sizes': (64, 64), 'lr_init': 0.0015923507099577783, 'alpha': 0.001926488559938186, 'batch': 64}
2025-05-04 22:13:16,734  trial=077  acc=0.4681  {'layer_sizes': (64, 64), 'lr_init': 0.0010820687175742462, 'alpha': 0.004191718911788328, 'batch': 32}
2025-05-04 22:13:17,000  trial=078  acc=0.4743  {'layer_sizes': (64, 64), 'lr_init': 0.002254401153077581, 'alpha': 0.0011828145444094287, 'batch': 32}
2025-05-04 22:13:17,461  trial=079  acc=0.5532  {'layer_sizes': (64, 64), 'lr_init': 0.0007314912068413965, 'alpha': 0.0074903600713776925, 'batch': 32}
2025-05-04 22:13:17,783  trial=080  acc=0.2744  {'layer_sizes': (64, 64), 'lr_init': 0.00044538361186235287, 'alpha': 0.008069109914389054, 'batch': 32}
2025-05-04 22:13:18,114  trial=081  acc=0.4509  {'layer_sizes': (64, 64), 'lr_init': 0.0008246140829659946, 'alpha': 0.005459632936824721, 'batch': 32}
2025-05-04 22:13:18,550  trial=082  acc=0.5154  {'layer_sizes': (64, 64), 'lr_init': 0.0006381002514369132, 'alpha': 0.004299180401365212, 'batch': 32}
2025-05-04 22:13:18,681  trial=083  acc=0.2051  {'layer_sizes': (64, 64), 'lr_init': 0.00033543356204988694, 'alpha': 0.003788465572657296, 'batch': 32}
2025-05-04 22:13:19,023  trial=084  acc=0.4937  {'layer_sizes': (64, 64), 'lr_init': 0.0007063278422169254, 'alpha': 0.008392101719452365, 'batch': 32}
2025-05-04 22:13:19,316  trial=085  acc=0.3717  {'layer_sizes': (64, 64), 'lr_init': 0.0005983771568539611, 'alpha': 0.00011070843374522046, 'batch': 32}
2025-05-04 22:13:19,532  trial=086  acc=0.2735  {'layer_sizes': (128, 64), 'lr_init': 0.000532805908334495, 'alpha': 0.007274999546238766, 'batch': 128}
2025-05-04 22:13:20,041  trial=087  acc=0.4570  {'layer_sizes': (128, 128), 'lr_init': 0.0004373695523202764, 'alpha': 3.7952448315475935e-06, 'batch': 32}
2025-05-04 22:13:20,416  trial=088  acc=0.4809  {'layer_sizes': (64, 64), 'lr_init': 0.0009419749348221129, 'alpha': 7.578821050204411e-05, 'batch': 32}
2025-05-04 22:13:20,557  trial=089  acc=0.4104  {'layer_sizes': (128,), 'lr_init': 0.004937987398499436, 'alpha': 6.944971440387939e-05, 'batch': 64}
2025-05-04 22:13:20,919  trial=090  acc=0.4980  {'layer_sizes': (64, 64), 'lr_init': 0.006097101673126145, 'alpha': 0.00016070694032361275, 'batch': 32}
2025-05-04 22:13:21,325  trial=091  acc=0.5000  {'layer_sizes': (64, 64), 'lr_init': 0.0012872384658617233, 'alpha': 0.0027777014447024125, 'batch': 32}
2025-05-04 22:13:21,794  trial=092  acc=0.4552  {'layer_sizes': (64, 64), 'lr_init': 0.0011244856428745977, 'alpha': 0.001914005956024641, 'batch': 32}
2025-05-04 22:13:22,168  trial=093  acc=0.5111  {'layer_sizes': (64, 64), 'lr_init': 0.0015995534224548648, 'alpha': 0.004027686138528722, 'batch': 32}
2025-05-04 22:13:22,571  trial=094  acc=0.5277  {'layer_sizes': (64, 64), 'lr_init': 0.0018793525953494645, 'alpha': 0.004335072616524152, 'batch': 32}
2025-05-04 22:13:22,840  trial=095  acc=0.4574  {'layer_sizes': (64, 64), 'lr_init': 0.001840126519093279, 'alpha': 0.004290638483908168, 'batch': 32}
2025-05-04 22:13:23,024  trial=096  acc=0.4080  {'layer_sizes': (64,), 'lr_init': 0.0030030330475501535, 'alpha': 0.005458899182753973, 'batch': 32}
2025-05-04 22:13:23,293  trial=097  acc=0.3653  {'layer_sizes': (64, 64), 'lr_init': 0.008430700185057162, 'alpha': 0.005715731036692727, 'batch': 32}
2025-05-04 22:13:23,626  trial=098  acc=0.4935  {'layer_sizes': (64, 64), 'lr_init': 0.0024456481934242947, 'alpha': 0.003017206293770744, 'batch': 32}
2025-05-04 22:13:23,979  trial=099  acc=0.5191  {'layer_sizes': (64, 64), 'lr_init': 0.001660067935250012, 'alpha': 1.3490607987933282e-05, 'batch': 32}
2025-05-04 22:13:23,981  Best params: {'layer_sizes': (64, 64), 'lr_init': 0.0007314912068413965, 'alpha': 0.0074903600713776925, 'batch': 32}
2025-05-04 22:13:23,981  Best score : 0.5532
