2025-05-04 17:01:13,975  trial=000  score=0.9081  params={'n_estimators': 700, 'max_depth': 20, 'criterion': 'entropy', 'bootstrap': False}
2025-05-04 17:01:15,884  trial=001  score=0.9081  params={'n_estimators': 200, 'max_depth': 30, 'criterion': 'entropy', 'bootstrap': False}
2025-05-04 17:01:18,791  trial=002  score=0.9145  params={'n_estimators': 600, 'max_depth': 30, 'criterion': 'entropy', 'bootstrap': False}
2025-05-04 17:01:21,402  trial=003  score=0.9123  params={'n_estimators': 700, 'max_depth': None, 'criterion': 'gini', 'bootstrap': False}
2025-05-04 17:01:23,572  trial=004  score=0.9124  params={'n_estimators': 500, 'max_depth': 45, 'criterion': 'entropy', 'bootstrap': True}
2025-05-04 17:01:25,417  trial=005  score=0.9081  params={'n_estimators': 500, 'max_depth': 35, 'criterion': 'gini', 'bootstrap': True}
2025-05-04 17:01:28,706  trial=006  score=0.9081  params={'n_estimators': 700, 'max_depth': 50, 'criterion': 'entropy', 'bootstrap': False}
2025-05-04 17:01:31,087  trial=007  score=0.9060  params={'n_estimators': 500, 'max_depth': None, 'criterion': 'entropy', 'bootstrap': False}
2025-05-04 17:01:33,413  trial=008  score=0.9102  params={'n_estimators': 600, 'max_depth': 45, 'criterion': 'gini', 'bootstrap': False}
2025-05-04 17:01:34,618  trial=009  score=0.9017  params={'n_estimators': 300, 'max_depth': 20, 'criterion': 'gini', 'bootstrap': False}
2025-05-04 17:01:38,447  trial=010  score=0.9145  params={'n_estimators': 900, 'max_depth': 30, 'criterion': 'entropy', 'bootstrap': True}
2025-05-04 17:01:42,368  trial=011  score=0.9123  params={'n_estimators': 900, 'max_depth': 30, 'criterion': 'entropy', 'bootstrap': True}
2025-05-04 17:01:46,339  trial=012  score=0.9102  params={'n_estimators': 900, 'max_depth': 10, 'criterion': 'entropy', 'bootstrap': True}
2025-05-04 17:01:49,208  trial=013  score=0.7118  params={'n_estimators': 800, 'max_depth': 5, 'criterion': 'entropy', 'bootstrap': True}
2025-05-04 17:01:50,575  trial=014  score=0.9124  params={'n_estimators': 300, 'max_depth': 30, 'criterion': 'entropy', 'bootstrap': True}
2025-05-04 17:01:54,190  trial=015  score=0.9060  params={'n_estimators': 800, 'max_depth': 15, 'criterion': 'entropy', 'bootstrap': True}
2025-05-04 17:01:56,008  trial=016  score=0.9038  params={'n_estimators': 400, 'max_depth': 25, 'criterion': 'entropy', 'bootstrap': True}
2025-05-04 17:01:59,120  trial=017  score=0.9082  params={'n_estimators': 600, 'max_depth': 40, 'criterion': 'entropy', 'bootstrap': False}
2025-05-04 17:02:02,359  trial=018  score=0.9081  params={'n_estimators': 800, 'max_depth': 30, 'criterion': 'gini', 'bootstrap': True}
2025-05-04 17:02:07,024  trial=019  score=0.9102  params={'n_estimators': 900, 'max_depth': 30, 'criterion': 'entropy', 'bootstrap': False}
2025-05-04 17:02:09,011  trial=020  score=0.9103  params={'n_estimators': 400, 'max_depth': 50, 'criterion': 'entropy', 'bootstrap': False}
2025-05-04 17:02:09,968  trial=021  score=0.9060  params={'n_estimators': 200, 'max_depth': 30, 'criterion': 'entropy', 'bootstrap': True}
2025-05-04 17:02:11,366  trial=022  score=0.9039  params={'n_estimators': 300, 'max_depth': 30, 'criterion': 'entropy', 'bootstrap': True}
2025-05-04 17:02:13,143  trial=023  score=0.9123  params={'n_estimators': 400, 'max_depth': 30, 'criterion': 'entropy', 'bootstrap': True}
2025-05-04 17:02:14,291  trial=024  score=0.7117  params={'n_estimators': 300, 'max_depth': 5, 'criterion': 'entropy', 'bootstrap': True}
2025-05-04 17:02:17,015  trial=025  score=0.9102  params={'n_estimators': 600, 'max_depth': 35, 'criterion': 'entropy', 'bootstrap': True}
2025-05-04 17:02:19,568  trial=026  score=0.9017  params={'n_estimators': 700, 'max_depth': 10, 'criterion': 'gini', 'bootstrap': True}
2025-05-04 17:02:21,346  trial=027  score=0.9081  params={'n_estimators': 400, 'max_depth': 25, 'criterion': 'entropy', 'bootstrap': True}
2025-05-04 17:02:22,365  trial=028  score=0.9146  params={'n_estimators': 200, 'max_depth': 15, 'criterion': 'entropy', 'bootstrap': False}
2025-05-04 17:02:26,447  trial=029  score=0.9145  params={'n_estimators': 800, 'max_depth': 15, 'criterion': 'entropy', 'bootstrap': False}
2025-05-04 17:02:29,993  trial=030  score=0.9102  params={'n_estimators': 700, 'max_depth': 15, 'criterion': 'entropy', 'bootstrap': False}
2025-05-04 17:02:33,978  trial=031  score=0.9103  params={'n_estimators': 800, 'max_depth': 15, 'criterion': 'entropy', 'bootstrap': False}
2025-05-04 17:02:38,582  trial=032  score=0.9102  params={'n_estimators': 900, 'max_depth': 15, 'criterion': 'entropy', 'bootstrap': False}
2025-05-04 17:02:42,525  trial=033  score=0.9081  params={'n_estimators': 800, 'max_depth': 15, 'criterion': 'entropy', 'bootstrap': False}
2025-05-04 17:02:43,557  trial=034  score=0.9103  params={'n_estimators': 200, 'max_depth': 20, 'criterion': 'entropy', 'bootstrap': False}
2025-05-04 17:02:46,626  trial=035  score=0.9103  params={'n_estimators': 600, 'max_depth': 40, 'criterion': 'entropy', 'bootstrap': False}
2025-05-04 17:02:49,382  trial=036  score=0.9059  params={'n_estimators': 700, 'max_depth': 15, 'criterion': 'gini', 'bootstrap': False}
2025-05-04 17:02:51,881  trial=037  score=0.9123  params={'n_estimators': 500, 'max_depth': 45, 'criterion': 'entropy', 'bootstrap': False}
2025-05-04 17:02:56,325  trial=038  score=0.9124  params={'n_estimators': 900, 'max_depth': None, 'criterion': 'entropy', 'bootstrap': False}
2025-05-04 17:02:59,551  trial=039  score=0.9102  params={'n_estimators': 800, 'max_depth': 35, 'criterion': 'gini', 'bootstrap': False}
2025-05-04 17:03:03,053  trial=040  score=0.9124  params={'n_estimators': 700, 'max_depth': 15, 'criterion': 'entropy', 'bootstrap': False}
2025-05-04 17:03:04,125  trial=041  score=0.9038  params={'n_estimators': 200, 'max_depth': 30, 'criterion': 'entropy', 'bootstrap': False}
2025-05-04 17:03:05,562  trial=042  score=0.9102  params={'n_estimators': 300, 'max_depth': 30, 'criterion': 'entropy', 'bootstrap': True}
2025-05-04 17:03:06,956  trial=043  score=0.9060  params={'n_estimators': 200, 'max_depth': 30, 'criterion': 'entropy', 'bootstrap': False}
2025-05-04 17:03:08,568  trial=044  score=0.9060  params={'n_estimators': 300, 'max_depth': 50, 'criterion': 'entropy', 'bootstrap': True}
2025-05-04 17:03:11,287  trial=045  score=0.9059  params={'n_estimators': 500, 'max_depth': 20, 'criterion': 'entropy', 'bootstrap': False}
2025-05-04 17:03:15,545  trial=046  score=0.9081  params={'n_estimators': 900, 'max_depth': None, 'criterion': 'entropy', 'bootstrap': True}
2025-05-04 17:03:18,014  trial=047  score=0.8995  params={'n_estimators': 600, 'max_depth': 10, 'criterion': 'gini', 'bootstrap': False}
2025-05-04 17:03:19,005  trial=048  score=0.9103  params={'n_estimators': 200, 'max_depth': 30, 'criterion': 'entropy', 'bootstrap': True}
2025-05-04 17:03:20,802  trial=049  score=0.9124  params={'n_estimators': 300, 'max_depth': 45, 'criterion': 'entropy', 'bootstrap': False}
2025-05-04 17:03:22,680  trial=050  score=0.7139  params={'n_estimators': 500, 'max_depth': 5, 'criterion': 'entropy', 'bootstrap': True}
2025-05-04 17:03:24,333  trial=051  score=0.9038  params={'n_estimators': 300, 'max_depth': 45, 'criterion': 'entropy', 'bootstrap': False}
2025-05-04 17:03:26,472  trial=052  score=0.9145  params={'n_estimators': 400, 'max_depth': 45, 'criterion': 'entropy', 'bootstrap': False}
2025-05-04 17:03:28,706  trial=053  score=0.9081  params={'n_estimators': 400, 'max_depth': 45, 'criterion': 'entropy', 'bootstrap': False}
2025-05-04 17:03:30,873  trial=054  score=0.9167  params={'n_estimators': 400, 'max_depth': 25, 'criterion': 'entropy', 'bootstrap': False}
2025-05-04 17:03:33,648  trial=055  score=0.9124  params={'n_estimators': 500, 'max_depth': 25, 'criterion': 'entropy', 'bootstrap': False}
2025-05-04 17:03:35,769  trial=056  score=0.9081  params={'n_estimators': 400, 'max_depth': 25, 'criterion': 'entropy', 'bootstrap': False}
2025-05-04 17:03:39,531  trial=057  score=0.9102  params={'n_estimators': 900, 'max_depth': 25, 'criterion': 'gini', 'bootstrap': False}
2025-05-04 17:03:41,677  trial=058  score=0.9124  params={'n_estimators': 400, 'max_depth': 40, 'criterion': 'entropy', 'bootstrap': False}
2025-05-04 17:03:44,967  trial=059  score=0.9060  params={'n_estimators': 600, 'max_depth': 15, 'criterion': 'entropy', 'bootstrap': False}
2025-05-04 17:03:49,203  trial=060  score=0.9081  params={'n_estimators': 800, 'max_depth': 45, 'criterion': 'entropy', 'bootstrap': False}
2025-05-04 17:03:50,758  trial=061  score=0.9102  params={'n_estimators': 300, 'max_depth': 30, 'criterion': 'entropy', 'bootstrap': True}
2025-05-04 17:03:52,867  trial=062  score=0.9145  params={'n_estimators': 400, 'max_depth': 30, 'criterion': 'entropy', 'bootstrap': False}
2025-05-04 17:03:55,126  trial=063  score=0.9124  params={'n_estimators': 400, 'max_depth': 30, 'criterion': 'entropy', 'bootstrap': False}
2025-05-04 17:03:57,315  trial=064  score=0.9060  params={'n_estimators': 400, 'max_depth': 50, 'criterion': 'entropy', 'bootstrap': False}
2025-05-04 17:04:00,032  trial=065  score=0.9145  params={'n_estimators': 500, 'max_depth': 25, 'criterion': 'entropy', 'bootstrap': False}
2025-05-04 17:04:04,278  trial=066  score=0.9123  params={'n_estimators': 800, 'max_depth': 35, 'criterion': 'entropy', 'bootstrap': False}
2025-05-04 17:04:06,909  trial=067  score=0.9017  params={'n_estimators': 500, 'max_depth': 15, 'criterion': 'entropy', 'bootstrap': False}
2025-05-04 17:04:12,036  trial=068  score=0.9038  params={'n_estimators': 900, 'max_depth': 30, 'criterion': 'entropy', 'bootstrap': False}
2025-05-04 17:04:14,896  trial=069  score=0.8953  params={'n_estimators': 700, 'max_depth': 10, 'criterion': 'gini', 'bootstrap': False}
2025-05-04 17:04:16,541  trial=070  score=0.6990  params={'n_estimators': 400, 'max_depth': 5, 'criterion': 'entropy', 'bootstrap': False}
2025-05-04 17:04:19,213  trial=071  score=0.9102  params={'n_estimators': 500, 'max_depth': 25, 'criterion': 'entropy', 'bootstrap': False}
2025-05-04 17:04:22,113  trial=072  score=0.9061  params={'n_estimators': 500, 'max_depth': 25, 'criterion': 'entropy', 'bootstrap': False}
2025-05-04 17:04:25,312  trial=073  score=0.9081  params={'n_estimators': 600, 'max_depth': 25, 'criterion': 'entropy', 'bootstrap': False}
2025-05-04 17:04:27,457  trial=074  score=0.9038  params={'n_estimators': 400, 'max_depth': 15, 'criterion': 'entropy', 'bootstrap': False}
2025-05-04 17:04:30,237  trial=075  score=0.9038  params={'n_estimators': 500, 'max_depth': 25, 'criterion': 'entropy', 'bootstrap': False}
2025-05-04 17:04:32,567  trial=076  score=0.9081  params={'n_estimators': 400, 'max_depth': 20, 'criterion': 'entropy', 'bootstrap': False}
2025-05-04 17:04:36,472  trial=077  score=0.9102  params={'n_estimators': 700, 'max_depth': 30, 'criterion': 'entropy', 'bootstrap': False}
2025-05-04 17:04:38,052  trial=078  score=0.9103  params={'n_estimators': 300, 'max_depth': None, 'criterion': 'entropy', 'bootstrap': False}
2025-05-04 17:04:40,717  trial=079  score=0.9060  params={'n_estimators': 500, 'max_depth': 40, 'criterion': 'entropy', 'bootstrap': False}
2025-05-04 17:04:43,255  trial=080  score=0.9102  params={'n_estimators': 600, 'max_depth': 15, 'criterion': 'gini', 'bootstrap': False}
2025-05-04 17:04:44,197  trial=081  score=0.9039  params={'n_estimators': 200, 'max_depth': 30, 'criterion': 'entropy', 'bootstrap': True}
2025-05-04 17:04:45,606  trial=082  score=0.9167  params={'n_estimators': 300, 'max_depth': 30, 'criterion': 'entropy', 'bootstrap': True}
2025-05-04 17:04:46,943  trial=083  score=0.9081  params={'n_estimators': 300, 'max_depth': 30, 'criterion': 'entropy', 'bootstrap': True}
2025-05-04 17:04:48,681  trial=084  score=0.9166  params={'n_estimators': 400, 'max_depth': 30, 'criterion': 'entropy', 'bootstrap': True}
2025-05-04 17:04:50,664  trial=085  score=0.9123  params={'n_estimators': 400, 'max_depth': 30, 'criterion': 'entropy', 'bootstrap': True}
2025-05-04 17:04:51,982  trial=086  score=0.9081  params={'n_estimators': 300, 'max_depth': 30, 'criterion': 'entropy', 'bootstrap': True}
2025-05-04 17:04:52,878  trial=087  score=0.9059  params={'n_estimators': 200, 'max_depth': 30, 'criterion': 'entropy', 'bootstrap': True}
2025-05-04 17:04:54,709  trial=088  score=0.9123  params={'n_estimators': 400, 'max_depth': 30, 'criterion': 'entropy', 'bootstrap': True}
2025-05-04 17:04:55,593  trial=089  score=0.9102  params={'n_estimators': 200, 'max_depth': 45, 'criterion': 'entropy', 'bootstrap': True}
2025-05-04 17:04:56,921  trial=090  score=0.9103  params={'n_estimators': 300, 'max_depth': 30, 'criterion': 'entropy', 'bootstrap': True}
2025-05-04 17:04:58,626  trial=091  score=0.9102  params={'n_estimators': 400, 'max_depth': 25, 'criterion': 'entropy', 'bootstrap': True}
2025-05-04 17:05:00,372  trial=092  score=0.9145  params={'n_estimators': 400, 'max_depth': 15, 'criterion': 'entropy', 'bootstrap': True}
2025-05-04 17:05:02,097  trial=093  score=0.9145  params={'n_estimators': 400, 'max_depth': 15, 'criterion': 'entropy', 'bootstrap': True}
2025-05-04 17:05:03,863  trial=094  score=0.9124  params={'n_estimators': 400, 'max_depth': 15, 'criterion': 'entropy', 'bootstrap': True}
2025-05-04 17:05:05,254  trial=095  score=0.9081  params={'n_estimators': 300, 'max_depth': 15, 'criterion': 'entropy', 'bootstrap': True}
2025-05-04 17:05:08,746  trial=096  score=0.9102  params={'n_estimators': 800, 'max_depth': 50, 'criterion': 'entropy', 'bootstrap': True}
2025-05-04 17:05:10,459  trial=097  score=0.9102  params={'n_estimators': 400, 'max_depth': 15, 'criterion': 'entropy', 'bootstrap': True}
2025-05-04 17:05:13,742  trial=098  score=0.9102  params={'n_estimators': 900, 'max_depth': 35, 'criterion': 'gini', 'bootstrap': True}
2025-05-04 17:05:15,562  trial=099  score=0.9102  params={'n_estimators': 400, 'max_depth': 30, 'criterion': 'entropy', 'bootstrap': True}
2025-05-04 17:05:15,563  Best params: {'n_estimators': 400, 'max_depth': 25, 'criterion': 'entropy', 'bootstrap': False}
2025-05-04 17:05:15,563  Best score : 0.9167
